<?xml version="1.0" encoding="UTF-8"?>
<testsuite xmlns:xsi="http://www.w3.org/2001/XMLSchema-instance" xsi:noNamespaceSchemaLocation="https://maven.apache.org/surefire/maven-surefire-plugin/xsd/surefire-test-report-3.0.xsd" version="3.0" name="com.alpe.nf.usecase.ExtrairDadosNotaFiscalUseCaseTest" time="0.687" tests="3" errors="0" skipped="0" failures="0">
  <properties>
[...]
</properties>
  <testcase name="validarArquivoPDF_Invalid" classname="com.alpe.nf.usecase.ExtrairDadosNotaFiscalUseCaseTest" time="0.01"/>
  <testcase name="validarArquivoPDF_Valid" classname="com.alpe.nf.usecase.ExtrairDadosNotaFiscalUseCaseTest" time="0.004"/>
  <testcase name="extrairDadosNotaFiscalDoArquivo" classname="com.alpe.nf.usecase.ExtrairDadosNotaFiscalUseCaseTest" time="0.457"/>
</testsuite>